-------------------------------------------------------------------------------
Test set: ru.yandex.praktikum.courierTests.CreateCourierWithSameLoginTest
-------------------------------------------------------------------------------
Tests run: 1, Failures: 1, Errors: 0, Skipped: 0, Time elapsed: 0.572 s <<< FAILURE! - in ru.yandex.praktikum.courierTests.CreateCourierWithSameLoginTest
sameCourierCantBeCreatedTest(ru.yandex.praktikum.courierTests.CreateCourierWithSameLoginTest)  Time elapsed: 0.568 s  <<< FAILURE!
org.junit.ComparisonFailure: Incorrect message on creating courier with the same login expected:<...гин уже используется[]> but was:<...гин уже используется[. Попробуйте другой.]>
	at ru.yandex.praktikum.courierTests.CreateCourierWithSameLoginTest.sameCourierCantBeCreatedTest(CreateCourierWithSameLoginTest.java:50)

