-------------------------------------------------------------------------------
Test set: ru.yandex.praktikum.courierTests.LoginCourierWithIncorrectCredentialsTest
-------------------------------------------------------------------------------
Tests run: 4, Failures: 1, Errors: 0, Skipped: 0, Time elapsed: 66.816 s <<< FAILURE! - in ru.yandex.praktikum.courierTests.LoginCourierWithIncorrectCredentialsTest
courierWithEmptyPasswordCantBeLoggedInTest(ru.yandex.praktikum.courierTests.LoginCourierWithIncorrectCredentialsTest)  Time elapsed: 60.409 s  <<< FAILURE!
java.lang.AssertionError: Status code is incorrect expected:<400> but was:<504>
	at ru.yandex.praktikum.courierTests.LoginCourierWithIncorrectCredentialsTest.courierWithEmptyPasswordCantBeLoggedInTest(LoginCourierWithIncorrectCredentialsTest.java:53)

